\BOOKMARK [1][-]{section.1}{\376\377\000E\000x\000e\000c\000u\000t\000i\000v\000e\000\040\000S\000u\000m\000m\000a\000r\000y}{}% 1
\BOOKMARK [1][-]{section.2}{\376\377\000I\000n\000t\000r\000o\000d\000u\000c\000t\000i\000o\000n}{}% 2
\BOOKMARK [2][-]{subsection.2.1}{\376\377\000M\000o\000t\000i\000v\000a\000t\000i\000o\000n}{section.2}% 3
\BOOKMARK [2][-]{subsection.2.2}{\376\377\000P\000r\000o\000b\000l\000e\000m\000\040\000S\000t\000a\000t\000e\000m\000e\000n\000t}{section.2}% 4
\BOOKMARK [2][-]{subsection.2.3}{\376\377\000S\000t\000a\000k\000e\000h\000o\000l\000d\000e\000r\000s\000\040\000n\000e\000e\000d\000s}{section.2}% 5
\BOOKMARK [2][-]{subsection.2.4}{\376\377\000S\000t\000a\000t\000e\000\040\000o\000f\000\040\000t\000h\000e\000\040\000A\000r\000t}{section.2}% 6
\BOOKMARK [2][-]{subsection.2.5}{\376\377\000A\000p\000p\000r\000o\000a\000c\000h}{section.2}% 7
\BOOKMARK [1][-]{section.3}{\376\377\000M\000a\000t\000e\000r\000i\000a\000l\000s\000/\000R\000e\000s\000o\000u\000r\000c\000e\000s}{}% 8
\BOOKMARK [2][-]{subsection.3.1}{\376\377\000H\000a\000r\000d\000w\000a\000r\000e}{section.3}% 9
\BOOKMARK [2][-]{subsection.3.2}{\376\377\000S\000o\000f\000t\000w\000a\000r\000e}{section.3}% 10
\BOOKMARK [1][-]{section.4}{\376\377\000R\000e\000s\000u\000l\000t\000s\000\040\000-\000\040\000P\000E\000N\000D\000I\000N\000G}{}% 11
\BOOKMARK [2][-]{subsection.4.1}{\376\377\000S\000p\000e\000c\000i\000f\000i\000c\000a\000t\000i\000o\000n\000s\000,\000\040\000C\000o\000n\000s\000t\000r\000a\000i\000n\000t\000s\000\040\000a\000n\000d\000\040\000S\000t\000a\000n\000d\000a\000r\000d\000s}{section.4}% 12
\BOOKMARK [2][-]{subsection.4.2}{\376\377\000R\000e\000c\000u\000r\000r\000e\000n\000t\000\040\000N\000e\000u\000r\000a\000l\000\040\000N\000e\000t\000w\000o\000r\000k\000\040\000\050\000R\000N\000N\000\051}{section.4}% 13
\BOOKMARK [3][-]{subsubsection.4.2.1}{\376\377\000C\000o\000n\000c\000e\000p\000t\000s}{subsection.4.2}% 14
\BOOKMARK [3][-]{subsubsection.4.2.2}{\376\377\000D\000e\000t\000a\000i\000l\000e\000d\000\040\000D\000e\000s\000i\000g\000n}{subsection.4.2}% 15
\BOOKMARK [3][-]{subsubsection.4.2.3}{\376\377\000R\000e\000s\000u\000l\000t\000s}{subsection.4.2}% 16
\BOOKMARK [3][-]{subsubsection.4.2.4}{\376\377\000A\000n\000a\000l\000y\000s\000i\000s}{subsection.4.2}% 17
\BOOKMARK [2][-]{subsection.4.3}{\376\377\000S\000p\000i\000k\000i\000n\000g\000\040\000N\000e\000u\000r\000a\000l\000\040\000N\000e\000t\000w\000o\000r\000k\000\040\000\050\000S\000N\000N\000\051}{section.4}% 18
\BOOKMARK [3][-]{subsubsection.4.3.1}{\376\377\000C\000o\000n\000c\000e\000p\000t\000s}{subsection.4.3}% 19
\BOOKMARK [3][-]{subsubsection.4.3.2}{\376\377\000D\000e\000t\000a\000i\000l\000e\000d\000\040\000D\000e\000s\000i\000g\000n}{subsection.4.3}% 20
\BOOKMARK [3][-]{subsubsection.4.3.3}{\376\377\000R\000e\000s\000u\000l\000t\000s}{subsection.4.3}% 21
\BOOKMARK [3][-]{subsubsection.4.3.4}{\376\377\000A\000n\000a\000l\000y\000s\000i\000s}{subsection.4.3}% 22
\BOOKMARK [1][-]{section.5}{\376\377\000D\000i\000s\000c\000u\000s\000s\000i\000o\000n}{}% 23
\BOOKMARK [2][-]{subsection.5.1}{\376\377\000P\000r\000o\000c\000e\000s\000s}{section.5}% 24
\BOOKMARK [2][-]{subsection.5.2}{\376\377\000R\000e\000s\000u\000l\000t}{section.5}% 25
\BOOKMARK [1][-]{section.6}{\376\377\000B\000u\000d\000g\000e\000t\000\040\000U\000p\000d\000a\000t\000e}{}% 26
\BOOKMARK [1][-]{section.7}{\376\377\000P\000r\000o\000j\000e\000c\000t\000\040\000M\000a\000n\000a\000g\000e\000m\000e\000n\000t\000\040\000U\000p\000d\000a\000t\000e}{}% 27
\BOOKMARK [2][-]{subsection.7.1}{\376\377\000P\000r\000o\000j\000e\000c\000t\000\040\000B\000u\000d\000g\000e\000t}{section.7}% 28
\BOOKMARK [2][-]{subsection.7.2}{\376\377\000S\000u\000c\000c\000e\000s\000s\000\040\000B\000e\000n\000c\000h\000m\000a\000r\000k\000s}{section.7}% 29
\BOOKMARK [1][-]{section*.1}{\376\377\000A\000p\000p\000e\000n\000d\000i\000c\000e\000s}{}% 30
\BOOKMARK [1][-]{appendix.a.A}{\376\377\000D\000e\000t\000a\000i\000l\000e\000d\000\040\000P\000r\000o\000j\000e\000c\000t\000\040\000M\000a\000n\000a\000g\000e\000m\000e\000n\000t}{}% 31
