\BOOKMARK [1][-]{section.1}{Executive Summary}{}% 1
\BOOKMARK [1][-]{section.2}{Introduction}{}% 2
\BOOKMARK [2][-]{subsection.2.1}{Motivation}{section.2}% 3
\BOOKMARK [2][-]{subsection.2.2}{Problem Statement}{section.2}% 4
\BOOKMARK [2][-]{subsection.2.3}{Stakeholders needs}{section.2}% 5
\BOOKMARK [2][-]{subsection.2.4}{State of the Art}{section.2}% 6
\BOOKMARK [2][-]{subsection.2.5}{Approach}{section.2}% 7
\BOOKMARK [1][-]{section.3}{Materials/Resources}{}% 8
\BOOKMARK [2][-]{subsection.3.1}{Hardware}{section.3}% 9
\BOOKMARK [2][-]{subsection.3.2}{Software}{section.3}% 10
\BOOKMARK [1][-]{section.4}{Results - PENDING}{}% 11
\BOOKMARK [2][-]{subsection.4.1}{Specifications, Constraints and Standards}{section.4}% 12
\BOOKMARK [2][-]{subsection.4.2}{Recurrent Neural Network \(RNN\)}{section.4}% 13
\BOOKMARK [3][-]{subsubsection.4.2.1}{Concepts}{subsection.4.2}% 14
\BOOKMARK [3][-]{subsubsection.4.2.2}{Detailed Design}{subsection.4.2}% 15
\BOOKMARK [3][-]{subsubsection.4.2.3}{Results}{subsection.4.2}% 16
\BOOKMARK [3][-]{subsubsection.4.2.4}{Analysis}{subsection.4.2}% 17
\BOOKMARK [2][-]{subsection.4.3}{Spiking Neural Network \(SNN\)}{section.4}% 18
\BOOKMARK [3][-]{subsubsection.4.3.1}{Concepts}{subsection.4.3}% 19
\BOOKMARK [3][-]{subsubsection.4.3.2}{Detailed Design}{subsection.4.3}% 20
\BOOKMARK [3][-]{subsubsection.4.3.3}{Results}{subsection.4.3}% 21
\BOOKMARK [3][-]{subsubsection.4.3.4}{Analysis}{subsection.4.3}% 22
\BOOKMARK [1][-]{section.5}{Discussion}{}% 23
\BOOKMARK [2][-]{subsection.5.1}{Process}{section.5}% 24
\BOOKMARK [2][-]{subsection.5.2}{Result}{section.5}% 25
\BOOKMARK [1][-]{section.6}{Budget Update}{}% 26
\BOOKMARK [1][-]{section.7}{Project Management Update}{}% 27
\BOOKMARK [2][-]{subsection.7.1}{Project Budget}{section.7}% 28
\BOOKMARK [2][-]{subsection.7.2}{Success Benchmarks}{section.7}% 29
\BOOKMARK [1][-]{section*.1}{Appendices}{}% 30
\BOOKMARK [1][-]{appendix.a.A}{Detailed Project Management}{}% 31
