\BOOKMARK [1][-]{section.1}{Problem Description}{}% 1
\BOOKMARK [2][-]{subsection.1.1}{Background}{section.1}% 2
\BOOKMARK [2][-]{subsection.1.2}{Problem Statement}{section.1}% 3
\BOOKMARK [1][-]{section.2}{Design Description}{}% 4
\BOOKMARK [2][-]{subsection.2.1}{Concepts}{section.2}% 5
\BOOKMARK [2][-]{subsection.2.2}{Concept Evaluation}{section.2}% 6
\BOOKMARK [2][-]{subsection.2.3}{Detailed Design}{section.2}% 7
\BOOKMARK [1][-]{section.3}{Context and Impact}{}% 8
\BOOKMARK [2][-]{subsection.3.1}{Economic Analysis}{section.3}% 9
\BOOKMARK [2][-]{subsection.3.2}{Environmental Impact Analysis}{section.3}% 10
\BOOKMARK [2][-]{subsection.3.3}{Social Impact Analysis}{section.3}% 11
\BOOKMARK [2][-]{subsection.3.4}{Ethical Analysis}{section.3}% 12
\BOOKMARK [1][-]{section.4}{Approach}{}% 13
\BOOKMARK [2][-]{subsection.4.1}{CAD/CAM}{section.4}% 14
\BOOKMARK [2][-]{subsection.4.2}{Animations}{section.4}% 15
\BOOKMARK [2][-]{subsection.4.3}{Simulations}{section.4}% 16
\BOOKMARK [2][-]{subsection.4.4}{Numerical Modeling}{section.4}% 17
\BOOKMARK [1][-]{section.5}{Materials/Resources}{}% 18
\BOOKMARK [2][-]{subsection.5.1}{Hardware}{section.5}% 19
\BOOKMARK [2][-]{subsection.5.2}{Software}{section.5}% 20
\BOOKMARK [1][-]{section.6}{Project Management}{}% 21
\BOOKMARK [2][-]{subsection.6.1}{Team Organization}{section.6}% 22
\BOOKMARK [2][-]{subsection.6.2}{Schedule and Milestones}{section.6}% 23
\BOOKMARK [2][-]{subsection.6.3}{Project Budget}{section.6}% 24
\BOOKMARK [2][-]{subsection.6.4}{Success Benchmarks}{section.6}% 25
\BOOKMARK [1][-]{section*.5}{Appendices}{}% 26
\BOOKMARK [1][-]{appendix.a.A}{Detailed Project Management}{}% 27
\BOOKMARK [1][-]{appendix.a.B}{Teamwork Contract}{}% 28
